  [1m[35m (538.9ms)[0m  [1m[35mCREATE DATABASE "ba-backend_development" ENCODING = 'unicode'[0m
  ↳ bin/rails:4
  [1m[35m (430.5ms)[0m  [1m[35mCREATE DATABASE "ba-backend_test" ENCODING = 'unicode'[0m
  ↳ bin/rails:4
  [1m[35m (624.4ms)[0m  [1m[35mCREATE DATABASE "ba-backend_development" ENCODING = 'unicode'[0m
  ↳ bin/rails:4
  [1m[35m (391.0ms)[0m  [1m[35mCREATE DATABASE "ba-backend_test" ENCODING = 'unicode'[0m
  ↳ bin/rails:4
  [1m[35m (5.5ms)[0m  [1m[35mCREATE TABLE "schema_migrations" ("version" character varying NOT NULL PRIMARY KEY)[0m
  ↳ bin/rails:4
  [1m[35m (5.4ms)[0m  [1m[35mCREATE TABLE "ar_internal_metadata" ("key" character varying NOT NULL PRIMARY KEY, "value" character varying, "created_at" timestamp NOT NULL, "updated_at" timestamp NOT NULL)[0m
  ↳ bin/rails:4
  [1m[35m (0.2ms)[0m  [1m[34mSELECT pg_try_advisory_lock(7638784028301263775)[0m
  ↳ bin/rails:4
  [1m[35m (0.6ms)[0m  [1m[34mSELECT "schema_migrations"."version" FROM "schema_migrations" ORDER BY "schema_migrations"."version" ASC[0m
  ↳ bin/rails:4
Migrating to CreateAirplanes (20181030051349)
  [1m[35m (0.2ms)[0m  [1m[35mBEGIN[0m
  ↳ bin/rails:4
  [1m[35m (5.5ms)[0m  [1m[35mCREATE TABLE "airplanes" ("id" bigserial primary key, "name" text, "rows" text, "columns" integer, "created_at" timestamp NOT NULL, "updated_at" timestamp NOT NULL)[0m
  ↳ db/migrate/20181030051349_create_airplanes.rb:3
  [1m[36mActiveRecord::SchemaMigration Create (0.7ms)[0m  [1m[32mINSERT INTO "schema_migrations" ("version") VALUES ($1) RETURNING "version"[0m  [["version", "20181030051349"]]
  ↳ bin/rails:4
  [1m[35m (0.5ms)[0m  [1m[35mCOMMIT[0m
  ↳ bin/rails:4
Migrating to CreateFlights (20181030051709)
  [1m[35m (0.2ms)[0m  [1m[35mBEGIN[0m
  ↳ bin/rails:4
  [1m[35m (7.9ms)[0m  [1m[35mCREATE TABLE "flights" ("id" bigserial primary key, "flight_no" text, "date" date, "origin" text, "destination" text, "airplane_id" integer, "created_at" timestamp NOT NULL, "updated_at" timestamp NOT NULL)[0m
  ↳ db/migrate/20181030051709_create_flights.rb:3
  [1m[36mActiveRecord::SchemaMigration Create (0.5ms)[0m  [1m[32mINSERT INTO "schema_migrations" ("version") VALUES ($1) RETURNING "version"[0m  [["version", "20181030051709"]]
  ↳ bin/rails:4
  [1m[35m (0.4ms)[0m  [1m[35mCOMMIT[0m
  ↳ bin/rails:4
  [1m[36mActiveRecord::InternalMetadata Load (0.5ms)[0m  [1m[34mSELECT  "ar_internal_metadata".* FROM "ar_internal_metadata" WHERE "ar_internal_metadata"."key" = $1 LIMIT $2[0m  [["key", "environment"], ["LIMIT", 1]]
  ↳ bin/rails:4
  [1m[35m (0.2ms)[0m  [1m[35mBEGIN[0m
  ↳ bin/rails:4
  [1m[36mActiveRecord::InternalMetadata Create (0.5ms)[0m  [1m[32mINSERT INTO "ar_internal_metadata" ("key", "value", "created_at", "updated_at") VALUES ($1, $2, $3, $4) RETURNING "key"[0m  [["key", "environment"], ["value", "development"], ["created_at", "2018-10-30 05:27:51.154997"], ["updated_at", "2018-10-30 05:27:51.154997"]]
  ↳ bin/rails:4
  [1m[35m (0.4ms)[0m  [1m[35mCOMMIT[0m
  ↳ bin/rails:4
  [1m[35m (0.2ms)[0m  [1m[34mSELECT pg_advisory_unlock(7638784028301263775)[0m
  ↳ bin/rails:4
  [1m[35m (0.3ms)[0m  [1m[34mSELECT "schema_migrations"."version" FROM "schema_migrations" ORDER BY "schema_migrations"."version" ASC[0m
  ↳ bin/rails:4
  [1m[35m (45.3ms)[0m  [1m[35mCREATE TABLE "schema_migrations" ("version" character varying NOT NULL PRIMARY KEY)[0m
  ↳ bin/rails:4
  [1m[35m (46.1ms)[0m  [1m[35mCREATE TABLE "ar_internal_metadata" ("key" character varying NOT NULL PRIMARY KEY, "value" character varying, "created_at" timestamp NOT NULL, "updated_at" timestamp NOT NULL)[0m
  ↳ bin/rails:4
  [1m[35m (1.2ms)[0m  [1m[34mSELECT pg_try_advisory_lock(7638784028301263775)[0m
  ↳ bin/rails:4
  [1m[35m (1.4ms)[0m  [1m[34mSELECT "schema_migrations"."version" FROM "schema_migrations" ORDER BY "schema_migrations"."version" ASC[0m
  ↳ bin/rails:4
Migrating to CreateAirplanes (20181030051349)
  [1m[35m (0.3ms)[0m  [1m[35mBEGIN[0m
  ↳ bin/rails:4
  [1m[35m (42.0ms)[0m  [1m[35mCREATE TABLE "airplanes" ("id" bigserial primary key, "name" text, "rows" text, "columns" integer, "created_at" timestamp NOT NULL, "updated_at" timestamp NOT NULL)[0m
  ↳ db/migrate/20181030051349_create_airplanes.rb:3
  [1m[36mActiveRecord::SchemaMigration Create (6.0ms)[0m  [1m[32mINSERT INTO "schema_migrations" ("version") VALUES ($1) RETURNING "version"[0m  [["version", "20181030051349"]]
  ↳ bin/rails:4
  [1m[35m (0.7ms)[0m  [1m[35mCOMMIT[0m
  ↳ bin/rails:4
Migrating to CreateFlights (20181030051709)
  [1m[35m (40.6ms)[0m  [1m[35mBEGIN[0m
  ↳ bin/rails:4
  [1m[35m (9.1ms)[0m  [1m[35mCREATE TABLE "flights" ("id" bigserial primary key, "flight_no" text, "date" date, "origin" text, "destination" text, "airplane_id" integer, "created_at" timestamp NOT NULL, "updated_at" timestamp NOT NULL)[0m
  ↳ db/migrate/20181030051709_create_flights.rb:3
  [1m[36mActiveRecord::SchemaMigration Create (0.7ms)[0m  [1m[32mINSERT INTO "schema_migrations" ("version") VALUES ($1) RETURNING "version"[0m  [["version", "20181030051709"]]
  ↳ bin/rails:4
  [1m[35m (1.0ms)[0m  [1m[35mCOMMIT[0m
  ↳ bin/rails:4
Migrating to CreateUsers (20181030053329)
  [1m[35m (25.9ms)[0m  [1m[35mBEGIN[0m
  ↳ bin/rails:4
  [1m[35m (9.8ms)[0m  [1m[35mCREATE TABLE "users" ("id" bigserial primary key, "name" text, "created_at" timestamp NOT NULL, "updated_at" timestamp NOT NULL)[0m
  ↳ db/migrate/20181030053329_create_users.rb:3
  [1m[36mActiveRecord::SchemaMigration Create (0.8ms)[0m  [1m[32mINSERT INTO "schema_migrations" ("version") VALUES ($1) RETURNING "version"[0m  [["version", "20181030053329"]]
  ↳ bin/rails:4
  [1m[35m (1.0ms)[0m  [1m[35mCOMMIT[0m
  ↳ bin/rails:4
  [1m[36mActiveRecord::InternalMetadata Load (1.5ms)[0m  [1m[34mSELECT  "ar_internal_metadata".* FROM "ar_internal_metadata" WHERE "ar_internal_metadata"."key" = $1 LIMIT $2[0m  [["key", "environment"], ["LIMIT", 1]]
  ↳ bin/rails:4
  [1m[35m (0.3ms)[0m  [1m[35mBEGIN[0m
  ↳ bin/rails:4
  [1m[36mActiveRecord::InternalMetadata Create (1.9ms)[0m  [1m[32mINSERT INTO "ar_internal_metadata" ("key", "value", "created_at", "updated_at") VALUES ($1, $2, $3, $4) RETURNING "key"[0m  [["key", "environment"], ["value", "development"], ["created_at", "2018-10-30 05:33:39.285999"], ["updated_at", "2018-10-30 05:33:39.285999"]]
  ↳ bin/rails:4
  [1m[35m (0.4ms)[0m  [1m[35mCOMMIT[0m
  ↳ bin/rails:4
  [1m[35m (0.3ms)[0m  [1m[34mSELECT pg_advisory_unlock(7638784028301263775)[0m
  ↳ bin/rails:4
  [1m[35m (0.8ms)[0m  [1m[34mSELECT "schema_migrations"."version" FROM "schema_migrations" ORDER BY "schema_migrations"."version" ASC[0m
  ↳ bin/rails:4
  [1m[35m (1.5ms)[0m  [1m[34mSELECT "schema_migrations"."version" FROM "schema_migrations" ORDER BY "schema_migrations"."version" ASC[0m
  ↳ bin/rails:4
  [1m[35m (0.4ms)[0m  [1m[34mSELECT "schema_migrations"."version" FROM "schema_migrations" ORDER BY "schema_migrations"."version" ASC[0m
  ↳ bin/rails:4
  [1m[35m (0.6ms)[0m  [1m[34mSELECT "schema_migrations"."version" FROM "schema_migrations" ORDER BY "schema_migrations"."version" ASC[0m
  ↳ bin/rails:4
  [1m[35m (0.3ms)[0m  [1m[34mSELECT pg_try_advisory_lock(7638784028301263775)[0m
  ↳ bin/rails:4
  [1m[35m (0.4ms)[0m  [1m[34mSELECT "schema_migrations"."version" FROM "schema_migrations" ORDER BY "schema_migrations"."version" ASC[0m
  ↳ bin/rails:4
Migrating to CreateUsers (20181030053329)
  [1m[35m (0.3ms)[0m  [1m[35mBEGIN[0m
  ↳ bin/rails:4
  [1m[35m (56.2ms)[0m  [1m[35mDROP TABLE "users"[0m
  ↳ bin/rails:4
  [1m[36mActiveRecord::SchemaMigration Destroy (26.9ms)[0m  [1m[31mDELETE FROM "schema_migrations" WHERE "schema_migrations"."version" = $1[0m  [["version", "20181030053329"]]
  ↳ bin/rails:4
  [1m[35m (5.2ms)[0m  [1m[35mCOMMIT[0m
  ↳ bin/rails:4
  [1m[35m (0.4ms)[0m  [1m[34mSELECT pg_advisory_unlock(7638784028301263775)[0m
  ↳ bin/rails:4
  [1m[35m (0.8ms)[0m  [1m[34mSELECT "schema_migrations"."version" FROM "schema_migrations" ORDER BY "schema_migrations"."version" ASC[0m
  ↳ bin/rails:4
  [1m[35m (2.3ms)[0m  [1m[34mSELECT "schema_migrations"."version" FROM "schema_migrations" ORDER BY "schema_migrations"."version" ASC[0m
  ↳ bin/rails:4
  [1m[35m (0.5ms)[0m  [1m[34mSELECT "schema_migrations"."version" FROM "schema_migrations" ORDER BY "schema_migrations"."version" ASC[0m
  ↳ bin/rails:4
  [1m[35m (0.4ms)[0m  [1m[34mSELECT "schema_migrations"."version" FROM "schema_migrations" ORDER BY "schema_migrations"."version" ASC[0m
  ↳ bin/rails:4
  [1m[35m (0.3ms)[0m  [1m[34mSELECT pg_try_advisory_lock(7638784028301263775)[0m
  ↳ bin/rails:4
  [1m[35m (0.4ms)[0m  [1m[34mSELECT "schema_migrations"."version" FROM "schema_migrations" ORDER BY "schema_migrations"."version" ASC[0m
  ↳ bin/rails:4
Migrating to CreateFlights (20181030051709)
  [1m[35m (0.3ms)[0m  [1m[35mBEGIN[0m
  ↳ bin/rails:4
  [1m[35m (47.3ms)[0m  [1m[35mDROP TABLE "flights"[0m
  ↳ bin/rails:4
  [1m[36mActiveRecord::SchemaMigration Destroy (1.2ms)[0m  [1m[31mDELETE FROM "schema_migrations" WHERE "schema_migrations"."version" = $1[0m  [["version", "20181030051709"]]
  ↳ bin/rails:4
  [1m[35m (3.5ms)[0m  [1m[35mCOMMIT[0m
  ↳ bin/rails:4
  [1m[35m (0.4ms)[0m  [1m[34mSELECT pg_advisory_unlock(7638784028301263775)[0m
  ↳ bin/rails:4
  [1m[35m (0.5ms)[0m  [1m[34mSELECT "schema_migrations"."version" FROM "schema_migrations" ORDER BY "schema_migrations"."version" ASC[0m
  ↳ bin/rails:4
  [1m[35m (1.3ms)[0m  [1m[34mSELECT "schema_migrations"."version" FROM "schema_migrations" ORDER BY "schema_migrations"."version" ASC[0m
  ↳ bin/rails:4
  [1m[35m (0.4ms)[0m  [1m[34mSELECT "schema_migrations"."version" FROM "schema_migrations" ORDER BY "schema_migrations"."version" ASC[0m
  ↳ bin/rails:4
  [1m[35m (0.4ms)[0m  [1m[34mSELECT "schema_migrations"."version" FROM "schema_migrations" ORDER BY "schema_migrations"."version" ASC[0m
  ↳ bin/rails:4
  [1m[35m (0.3ms)[0m  [1m[34mSELECT pg_try_advisory_lock(7638784028301263775)[0m
  ↳ bin/rails:4
  [1m[35m (0.4ms)[0m  [1m[34mSELECT "schema_migrations"."version" FROM "schema_migrations" ORDER BY "schema_migrations"."version" ASC[0m
  ↳ bin/rails:4
Migrating to CreateAirplanes (20181030051349)
  [1m[35m (0.3ms)[0m  [1m[35mBEGIN[0m
  ↳ bin/rails:4
  [1m[35m (3.4ms)[0m  [1m[35mDROP TABLE "airplanes"[0m
  ↳ bin/rails:4
  [1m[36mActiveRecord::SchemaMigration Destroy (1.1ms)[0m  [1m[31mDELETE FROM "schema_migrations" WHERE "schema_migrations"."version" = $1[0m  [["version", "20181030051349"]]
  ↳ bin/rails:4
  [1m[35m (104.9ms)[0m  [1m[35mCOMMIT[0m
  ↳ bin/rails:4
  [1m[35m (0.6ms)[0m  [1m[34mSELECT pg_advisory_unlock(7638784028301263775)[0m
  ↳ bin/rails:4
  [1m[35m (0.4ms)[0m  [1m[34mSELECT "schema_migrations"."version" FROM "schema_migrations" ORDER BY "schema_migrations"."version" ASC[0m
  ↳ bin/rails:4
  [1m[35m (0.3ms)[0m  [1m[34mSELECT pg_try_advisory_lock(7638784028301263775)[0m
  ↳ bin/rails:4
  [1m[35m (1.3ms)[0m  [1m[34mSELECT "schema_migrations"."version" FROM "schema_migrations" ORDER BY "schema_migrations"."version" ASC[0m
  ↳ bin/rails:4
Migrating to CreateAirplanes (20181030051349)
  [1m[35m (0.2ms)[0m  [1m[35mBEGIN[0m
  ↳ bin/rails:4
  [1m[35m (58.1ms)[0m  [1m[35mCREATE TABLE "airplanes" ("id" bigserial primary key, "name" text, "rows" integer, "columns" integer, "created_at" timestamp NOT NULL, "updated_at" timestamp NOT NULL)[0m
  ↳ db/migrate/20181030051349_create_airplanes.rb:3
  [1m[36mActiveRecord::SchemaMigration Create (0.7ms)[0m  [1m[32mINSERT INTO "schema_migrations" ("version") VALUES ($1) RETURNING "version"[0m  [["version", "20181030051349"]]
  ↳ bin/rails:4
  [1m[35m (0.9ms)[0m  [1m[35mCOMMIT[0m
  ↳ bin/rails:4
Migrating to CreateFlights (20181030051709)
  [1m[35m (39.6ms)[0m  [1m[35mBEGIN[0m
  ↳ bin/rails:4
  [1m[35m (8.0ms)[0m  [1m[35mCREATE TABLE "flights" ("id" bigserial primary key, "flight_no" text, "date" date, "origin" text, "destination" text, "airplane_id" integer, "created_at" timestamp NOT NULL, "updated_at" timestamp NOT NULL)[0m
  ↳ db/migrate/20181030051709_create_flights.rb:3
  [1m[36mActiveRecord::SchemaMigration Create (0.6ms)[0m  [1m[32mINSERT INTO "schema_migrations" ("version") VALUES ($1) RETURNING "version"[0m  [["version", "20181030051709"]]
  ↳ bin/rails:4
  [1m[35m (0.8ms)[0m  [1m[35mCOMMIT[0m
  ↳ bin/rails:4
Migrating to CreateUsers (20181030053329)
  [1m[35m (36.8ms)[0m  [1m[35mBEGIN[0m
  ↳ bin/rails:4
  [1m[35m (6.5ms)[0m  [1m[35mCREATE TABLE "users" ("id" bigserial primary key, "name" text, "created_at" timestamp NOT NULL, "updated_at" timestamp NOT NULL)[0m
  ↳ db/migrate/20181030053329_create_users.rb:3
  [1m[36mActiveRecord::SchemaMigration Create (0.5ms)[0m  [1m[32mINSERT INTO "schema_migrations" ("version") VALUES ($1) RETURNING "version"[0m  [["version", "20181030053329"]]
  ↳ bin/rails:4
  [1m[35m (0.7ms)[0m  [1m[35mCOMMIT[0m
  ↳ bin/rails:4
Migrating to CreateReservations (20181030061216)
  [1m[35m (40.8ms)[0m  [1m[35mBEGIN[0m
  ↳ bin/rails:4
  [1m[35m (5.2ms)[0m  [1m[35mCREATE TABLE "reservations" ("id" bigserial primary key, "user_id" integer, "flight_id" integer, "seatrow" integer, "seatcolumn" integer, "created_at" timestamp NOT NULL, "updated_at" timestamp NOT NULL)[0m
  ↳ db/migrate/20181030061216_create_reservations.rb:3
  [1m[36mActiveRecord::SchemaMigration Create (0.4ms)[0m  [1m[32mINSERT INTO "schema_migrations" ("version") VALUES ($1) RETURNING "version"[0m  [["version", "20181030061216"]]
  ↳ bin/rails:4
  [1m[35m (0.7ms)[0m  [1m[35mCOMMIT[0m
  ↳ bin/rails:4
  [1m[36mActiveRecord::InternalMetadata Load (32.3ms)[0m  [1m[34mSELECT  "ar_internal_metadata".* FROM "ar_internal_metadata" WHERE "ar_internal_metadata"."key" = $1 LIMIT $2[0m  [["key", "environment"], ["LIMIT", 1]]
  ↳ bin/rails:4
  [1m[35m (0.2ms)[0m  [1m[35mBEGIN[0m
  ↳ bin/rails:4
  [1m[35m (0.2ms)[0m  [1m[35mCOMMIT[0m
  ↳ bin/rails:4
  [1m[35m (0.3ms)[0m  [1m[34mSELECT pg_advisory_unlock(7638784028301263775)[0m
  ↳ bin/rails:4
  [1m[35m (0.5ms)[0m  [1m[34mSELECT "schema_migrations"."version" FROM "schema_migrations" ORDER BY "schema_migrations"."version" ASC[0m
  ↳ bin/rails:4
  [1m[35m (22.5ms)[0m  [1m[34mSELECT "schema_migrations"."version" FROM "schema_migrations" ORDER BY "schema_migrations"."version" ASC[0m
  ↳ bin/rails:4
  [1m[35m (0.4ms)[0m  [1m[34mSELECT "schema_migrations"."version" FROM "schema_migrations" ORDER BY "schema_migrations"."version" ASC[0m
  ↳ bin/rails:4
  [1m[35m (0.5ms)[0m  [1m[34mSELECT "schema_migrations"."version" FROM "schema_migrations" ORDER BY "schema_migrations"."version" ASC[0m
  ↳ bin/rails:4
  [1m[35m (0.3ms)[0m  [1m[34mSELECT pg_try_advisory_lock(7638784028301263775)[0m
  ↳ bin/rails:4
  [1m[35m (0.4ms)[0m  [1m[34mSELECT "schema_migrations"."version" FROM "schema_migrations" ORDER BY "schema_migrations"."version" ASC[0m
  ↳ bin/rails:4
Migrating to CreateReservations (20181030061216)
  [1m[35m (0.2ms)[0m  [1m[35mBEGIN[0m
  ↳ bin/rails:4
  [1m[35m (45.7ms)[0m  [1m[35mDROP TABLE "reservations"[0m
  ↳ bin/rails:4
  [1m[36mActiveRecord::SchemaMigration Destroy (1.2ms)[0m  [1m[31mDELETE FROM "schema_migrations" WHERE "schema_migrations"."version" = $1[0m  [["version", "20181030061216"]]
  ↳ bin/rails:4
  [1m[35m (45.5ms)[0m  [1m[35mCOMMIT[0m
  ↳ bin/rails:4
  [1m[35m (0.5ms)[0m  [1m[34mSELECT pg_advisory_unlock(7638784028301263775)[0m
  ↳ bin/rails:4
  [1m[35m (0.4ms)[0m  [1m[34mSELECT "schema_migrations"."version" FROM "schema_migrations" ORDER BY "schema_migrations"."version" ASC[0m
  ↳ bin/rails:4
  [1m[35m (0.4ms)[0m  [1m[34mSELECT pg_try_advisory_lock(7638784028301263775)[0m
  ↳ bin/rails:4
  [1m[35m (1.4ms)[0m  [1m[34mSELECT "schema_migrations"."version" FROM "schema_migrations" ORDER BY "schema_migrations"."version" ASC[0m
  ↳ bin/rails:4
Migrating to CreateReservations (20181030061216)
  [1m[35m (0.2ms)[0m  [1m[35mBEGIN[0m
  ↳ bin/rails:4
  [1m[35m (59.6ms)[0m  [1m[35mCREATE TABLE "reservations" ("id" bigserial primary key, "user_id" integer, "flight_id" integer, "seat_row" integer, "seat_column" integer, "created_at" timestamp NOT NULL, "updated_at" timestamp NOT NULL)[0m
  ↳ db/migrate/20181030061216_create_reservations.rb:3
  [1m[36mActiveRecord::SchemaMigration Create (13.7ms)[0m  [1m[32mINSERT INTO "schema_migrations" ("version") VALUES ($1) RETURNING "version"[0m  [["version", "20181030061216"]]
  ↳ bin/rails:4
  [1m[35m (3.2ms)[0m  [1m[35mCOMMIT[0m
  ↳ bin/rails:4
  [1m[36mActiveRecord::InternalMetadata Load (1.0ms)[0m  [1m[34mSELECT  "ar_internal_metadata".* FROM "ar_internal_metadata" WHERE "ar_internal_metadata"."key" = $1 LIMIT $2[0m  [["key", "environment"], ["LIMIT", 1]]
  ↳ bin/rails:4
  [1m[35m (0.3ms)[0m  [1m[35mBEGIN[0m
  ↳ bin/rails:4
  [1m[35m (0.2ms)[0m  [1m[35mCOMMIT[0m
  ↳ bin/rails:4
  [1m[35m (0.3ms)[0m  [1m[34mSELECT pg_advisory_unlock(7638784028301263775)[0m
  ↳ bin/rails:4
  [1m[35m (0.4ms)[0m  [1m[34mSELECT "schema_migrations"."version" FROM "schema_migrations" ORDER BY "schema_migrations"."version" ASC[0m
  ↳ bin/rails:4
  [1m[35m (0.4ms)[0m  [1m[34mSELECT pg_try_advisory_lock(7638784028301263775)[0m
  ↳ bin/rails:4
  [1m[35m (41.6ms)[0m  [1m[34mSELECT "schema_migrations"."version" FROM "schema_migrations" ORDER BY "schema_migrations"."version" ASC[0m
  ↳ bin/rails:4
  [1m[36mActiveRecord::InternalMetadata Load (0.8ms)[0m  [1m[34mSELECT  "ar_internal_metadata".* FROM "ar_internal_metadata" WHERE "ar_internal_metadata"."key" = $1 LIMIT $2[0m  [["key", "environment"], ["LIMIT", 1]]
  ↳ bin/rails:4
  [1m[35m (0.3ms)[0m  [1m[35mBEGIN[0m
  ↳ bin/rails:4
  [1m[35m (0.2ms)[0m  [1m[35mCOMMIT[0m
  ↳ bin/rails:4
  [1m[35m (0.3ms)[0m  [1m[34mSELECT pg_advisory_unlock(7638784028301263775)[0m
  ↳ bin/rails:4
  [1m[35m (0.4ms)[0m  [1m[34mSELECT "schema_migrations"."version" FROM "schema_migrations" ORDER BY "schema_migrations"."version" ASC[0m
  ↳ bin/rails:4
  [1m[35m (4.0ms)[0m  [1m[34mSELECT "schema_migrations"."version" FROM "schema_migrations" ORDER BY "schema_migrations"."version" ASC[0m
  ↳ bin/rails:4
  [1m[36mUser Load (25.2ms)[0m  [1m[34mSELECT "users".* FROM "users"[0m
  ↳ db/seeds.rb:8
  [1m[35m (1.4ms)[0m  [1m[35mBEGIN[0m
  ↳ db/seeds.rb:12
  [1m[36mUser Create (7.4ms)[0m  [1m[32mINSERT INTO "users" ("name", "created_at", "updated_at") VALUES ($1, $2, $3) RETURNING "id"[0m  [["name", "Yianni"], ["created_at", "2018-10-30 22:26:55.439821"], ["updated_at", "2018-10-30 22:26:55.439821"]]
  ↳ db/seeds.rb:12
  [1m[35m (1.3ms)[0m  [1m[35mCOMMIT[0m
  ↳ db/seeds.rb:12
  [1m[35m (0.2ms)[0m  [1m[35mBEGIN[0m
  ↳ db/seeds.rb:13
  [1m[36mUser Create (0.5ms)[0m  [1m[32mINSERT INTO "users" ("name", "created_at", "updated_at") VALUES ($1, $2, $3) RETURNING "id"[0m  [["name", "John"], ["created_at", "2018-10-30 22:26:55.451813"], ["updated_at", "2018-10-30 22:26:55.451813"]]
  ↳ db/seeds.rb:13
  [1m[35m (0.4ms)[0m  [1m[35mCOMMIT[0m
  ↳ db/seeds.rb:13
  [1m[35m (0.2ms)[0m  [1m[35mBEGIN[0m
  ↳ db/seeds.rb:14
  [1m[36mUser Create (0.4ms)[0m  [1m[32mINSERT INTO "users" ("name", "created_at", "updated_at") VALUES ($1, $2, $3) RETURNING "id"[0m  [["name", "Andy"], ["created_at", "2018-10-30 22:26:55.454540"], ["updated_at", "2018-10-30 22:26:55.454540"]]
  ↳ db/seeds.rb:14
  [1m[35m (0.3ms)[0m  [1m[35mCOMMIT[0m
  ↳ db/seeds.rb:14
  [1m[36mUser Load (1.2ms)[0m  [1m[34mSELECT "users".* FROM "users"[0m
  ↳ db/seeds.rb:16
  [1m[35m (0.6ms)[0m  [1m[34mSELECT "users"."name" FROM "users"[0m
  ↳ db/seeds.rb:17
  [1m[36mAirplane Load (32.1ms)[0m  [1m[34mSELECT "airplanes".* FROM "airplanes"[0m
  ↳ db/seeds.rb:19
  [1m[35m (2.1ms)[0m  [1m[34mSELECT "schema_migrations"."version" FROM "schema_migrations" ORDER BY "schema_migrations"."version" ASC[0m
  ↳ bin/rails:4
  [1m[36mUser Load (1.0ms)[0m  [1m[34mSELECT "users".* FROM "users"[0m
  ↳ db/seeds.rb:8
  [1m[35m (0.2ms)[0m  [1m[35mBEGIN[0m
  ↳ db/seeds.rb:8
  [1m[36mUser Destroy (43.3ms)[0m  [1m[31mDELETE FROM "users" WHERE "users"."id" = $1[0m  [["id", 1]]
  ↳ db/seeds.rb:8
  [1m[35m (0.7ms)[0m  [1m[35mCOMMIT[0m
  ↳ db/seeds.rb:8
  [1m[35m (0.2ms)[0m  [1m[35mBEGIN[0m
  ↳ db/seeds.rb:8
  [1m[36mUser Destroy (0.4ms)[0m  [1m[31mDELETE FROM "users" WHERE "users"."id" = $1[0m  [["id", 2]]
  ↳ db/seeds.rb:8
  [1m[35m (0.4ms)[0m  [1m[35mCOMMIT[0m
  ↳ db/seeds.rb:8
  [1m[35m (0.2ms)[0m  [1m[35mBEGIN[0m
  ↳ db/seeds.rb:8
  [1m[36mUser Destroy (0.4ms)[0m  [1m[31mDELETE FROM "users" WHERE "users"."id" = $1[0m  [["id", 3]]
  ↳ db/seeds.rb:8
  [1m[35m (0.4ms)[0m  [1m[35mCOMMIT[0m
  ↳ db/seeds.rb:8
  [1m[35m (0.2ms)[0m  [1m[35mBEGIN[0m
  ↳ db/seeds.rb:12
  [1m[36mUser Create (0.8ms)[0m  [1m[32mINSERT INTO "users" ("name", "created_at", "updated_at") VALUES ($1, $2, $3) RETURNING "id"[0m  [["name", "Yianni"], ["created_at", "2018-10-30 22:28:02.763286"], ["updated_at", "2018-10-30 22:28:02.763286"]]
  ↳ db/seeds.rb:12
  [1m[35m (0.4ms)[0m  [1m[35mCOMMIT[0m
  ↳ db/seeds.rb:12
  [1m[35m (0.2ms)[0m  [1m[35mBEGIN[0m
  ↳ db/seeds.rb:13
  [1m[36mUser Create (0.9ms)[0m  [1m[32mINSERT INTO "users" ("name", "created_at", "updated_at") VALUES ($1, $2, $3) RETURNING "id"[0m  [["name", "John"], ["created_at", "2018-10-30 22:28:02.767430"], ["updated_at", "2018-10-30 22:28:02.767430"]]
  ↳ db/seeds.rb:13
  [1m[35m (0.4ms)[0m  [1m[35mCOMMIT[0m
  ↳ db/seeds.rb:13
  [1m[35m (0.2ms)[0m  [1m[35mBEGIN[0m
  ↳ db/seeds.rb:14
  [1m[36mUser Create (0.9ms)[0m  [1m[32mINSERT INTO "users" ("name", "created_at", "updated_at") VALUES ($1, $2, $3) RETURNING "id"[0m  [["name", "Andy"], ["created_at", "2018-10-30 22:28:02.770730"], ["updated_at", "2018-10-30 22:28:02.770730"]]
  ↳ db/seeds.rb:14
  [1m[35m (0.4ms)[0m  [1m[35mCOMMIT[0m
  ↳ db/seeds.rb:14
  [1m[36mUser Load (0.6ms)[0m  [1m[34mSELECT "users".* FROM "users"[0m
  ↳ db/seeds.rb:16
  [1m[35m (0.7ms)[0m  [1m[34mSELECT "users"."name" FROM "users"[0m
  ↳ db/seeds.rb:17
  [1m[36mAirplane Load (1.6ms)[0m  [1m[34mSELECT "airplanes".* FROM "airplanes"[0m
  ↳ db/seeds.rb:19
  [1m[35m (0.3ms)[0m  [1m[35mBEGIN[0m
  ↳ db/seeds.rb:23
  [1m[36mAirplane Create (43.0ms)[0m  [1m[32mINSERT INTO "airplanes" ("name", "rows", "columns", "created_at", "updated_at") VALUES ($1, $2, $3, $4, $5) RETURNING "id"[0m  [["name", "747"], ["rows", 32], ["columns", 4], ["created_at", "2018-10-30 22:28:02.800897"], ["updated_at", "2018-10-30 22:28:02.800897"]]
  ↳ db/seeds.rb:23
  [1m[35m (0.6ms)[0m  [1m[35mCOMMIT[0m
  ↳ db/seeds.rb:23
  [1m[35m (0.2ms)[0m  [1m[35mBEGIN[0m
  ↳ db/seeds.rb:24
  [1m[36mAirplane Create (0.7ms)[0m  [1m[32mINSERT INTO "airplanes" ("name", "rows", "columns", "created_at", "updated_at") VALUES ($1, $2, $3, $4, $5) RETURNING "id"[0m  [["name", "A330"], ["rows", 58], ["columns", 6], ["created_at", "2018-10-30 22:28:02.847739"], ["updated_at", "2018-10-30 22:28:02.847739"]]
  ↳ db/seeds.rb:24
  [1m[35m (0.6ms)[0m  [1m[35mCOMMIT[0m
  ↳ db/seeds.rb:24
  [1m[35m (0.2ms)[0m  [1m[35mBEGIN[0m
  ↳ db/seeds.rb:25
  [1m[36mAirplane Create (0.5ms)[0m  [1m[32mINSERT INTO "airplanes" ("name", "rows", "columns", "created_at", "updated_at") VALUES ($1, $2, $3, $4, $5) RETURNING "id"[0m  [["name", "787"], ["rows", 45], ["columns", 4], ["created_at", "2018-10-30 22:28:02.851593"], ["updated_at", "2018-10-30 22:28:02.851593"]]
  ↳ db/seeds.rb:25
  [1m[35m (0.5ms)[0m  [1m[35mCOMMIT[0m
  ↳ db/seeds.rb:25
  [1m[35m (0.1ms)[0m  [1m[35mBEGIN[0m
  ↳ db/seeds.rb:26
  [1m[36mAirplane Create (0.4ms)[0m  [1m[32mINSERT INTO "airplanes" ("name", "rows", "columns", "created_at", "updated_at") VALUES ($1, $2, $3, $4, $5) RETURNING "id"[0m  [["name", "A380"], ["rows", 80], ["columns", 8], ["created_at", "2018-10-30 22:28:02.854242"], ["updated_at", "2018-10-30 22:28:02.854242"]]
  ↳ db/seeds.rb:26
  [1m[35m (0.4ms)[0m  [1m[35mCOMMIT[0m
  ↳ db/seeds.rb:26
  [1m[36mAirplane Load (0.4ms)[0m  [1m[34mSELECT "airplanes".* FROM "airplanes"[0m
  ↳ db/seeds.rb:28
  [1m[35m (0.4ms)[0m  [1m[34mSELECT "airplanes"."name" FROM "airplanes"[0m
  ↳ db/seeds.rb:29
  [1m[36mFlight Load (29.6ms)[0m  [1m[34mSELECT "flights".* FROM "flights"[0m
  ↳ db/seeds.rb:32
  [1m[35m (0.3ms)[0m  [1m[35mBEGIN[0m
  ↳ db/seeds.rb:36
  [1m[36mFlight Create (44.2ms)[0m  [1m[32mINSERT INTO "flights" ("flight_no", "date", "origin", "destination", "airplane_id", "created_at", "updated_at") VALUES ($1, $2, $3, $4, $5, $6, $7) RETURNING "id"[0m  [["flight_no", "BA1"], ["date", "2018-12-01"], ["origin", "SYD"], ["destination", "LHR"], ["airplane_id", 1], ["created_at", "2018-10-30 22:28:02.936441"], ["updated_at", "2018-10-30 22:28:02.936441"]]
  ↳ db/seeds.rb:36
  [1m[35m (0.6ms)[0m  [1m[35mCOMMIT[0m
  ↳ db/seeds.rb:36
  [1m[35m (0.1ms)[0m  [1m[35mBEGIN[0m
  ↳ db/seeds.rb:37
  [1m[36mFlight Create (0.5ms)[0m  [1m[32mINSERT INTO "flights" ("flight_no", "date", "origin", "destination", "airplane_id", "created_at", "updated_at") VALUES ($1, $2, $3, $4, $5, $6, $7) RETURNING "id"[0m  [["flight_no", "BA2"], ["date", "2019-01-10"], ["origin", "SYD"], ["destination", "LAX"], ["airplane_id", 4], ["created_at", "2018-10-30 22:28:02.985349"], ["updated_at", "2018-10-30 22:28:02.985349"]]
  ↳ db/seeds.rb:37
  [1m[35m (0.5ms)[0m  [1m[35mCOMMIT[0m
  ↳ db/seeds.rb:37
  [1m[35m (0.2ms)[0m  [1m[35mBEGIN[0m
  ↳ db/seeds.rb:38
  [1m[36mFlight Create (0.5ms)[0m  [1m[32mINSERT INTO "flights" ("flight_no", "date", "origin", "destination", "airplane_id", "created_at", "updated_at") VALUES ($1, $2, $3, $4, $5, $6, $7) RETURNING "id"[0m  [["flight_no", "BA3"], ["date", "2018-12-15"], ["origin", "SYD"], ["destination", "BKK"], ["airplane_id", 2], ["created_at", "2018-10-30 22:28:02.988326"], ["updated_at", "2018-10-30 22:28:02.988326"]]
  ↳ db/seeds.rb:38
  [1m[35m (0.5ms)[0m  [1m[35mCOMMIT[0m
  ↳ db/seeds.rb:38
  [1m[35m (0.1ms)[0m  [1m[35mBEGIN[0m
  ↳ db/seeds.rb:39
  [1m[36mFlight Create (2.0ms)[0m  [1m[32mINSERT INTO "flights" ("flight_no", "date", "origin", "destination", "airplane_id", "created_at", "updated_at") VALUES ($1, $2, $3, $4, $5, $6, $7) RETURNING "id"[0m  [["flight_no", "BA4"], ["date", "2018-11-01"], ["origin", "SYD"], ["destination", "JFK"], ["airplane_id", 4], ["created_at", "2018-10-30 22:28:02.991159"], ["updated_at", "2018-10-30 22:28:02.991159"]]
  ↳ db/seeds.rb:39
  [1m[35m (0.5ms)[0m  [1m[35mCOMMIT[0m
  ↳ db/seeds.rb:39
  [1m[35m (0.3ms)[0m  [1m[35mBEGIN[0m
  ↳ db/seeds.rb:40
  [1m[36mFlight Create (0.6ms)[0m  [1m[32mINSERT INTO "flights" ("flight_no", "date", "origin", "destination", "airplane_id", "created_at", "updated_at") VALUES ($1, $2, $3, $4, $5, $6, $7) RETURNING "id"[0m  [["flight_no", "BA5"], ["date", "2018-12-20"], ["origin", "SYD"], ["destination", "HND"], ["airplane_id", 1], ["created_at", "2018-10-30 22:28:02.996146"], ["updated_at", "2018-10-30 22:28:02.996146"]]
  ↳ db/seeds.rb:40
  [1m[35m (0.4ms)[0m  [1m[35mCOMMIT[0m
  ↳ db/seeds.rb:40
  [1m[35m (0.2ms)[0m  [1m[35mBEGIN[0m
  ↳ db/seeds.rb:41
  [1m[36mFlight Create (0.7ms)[0m  [1m[32mINSERT INTO "flights" ("flight_no", "date", "origin", "destination", "airplane_id", "created_at", "updated_at") VALUES ($1, $2, $3, $4, $5, $6, $7) RETURNING "id"[0m  [["flight_no", "BA6"], ["date", "2018-12-01"], ["origin", "SYD"], ["destination", "LHR"], ["airplane_id", 4], ["created_at", "2018-10-30 22:28:02.999465"], ["updated_at", "2018-10-30 22:28:02.999465"]]
  ↳ db/seeds.rb:41
  [1m[35m (0.4ms)[0m  [1m[35mCOMMIT[0m
  ↳ db/seeds.rb:41
  [1m[35m (0.2ms)[0m  [1m[35mBEGIN[0m
  ↳ db/seeds.rb:42
  [1m[36mFlight Create (2.4ms)[0m  [1m[32mINSERT INTO "flights" ("flight_no", "date", "origin", "destination", "airplane_id", "created_at", "updated_at") VALUES ($1, $2, $3, $4, $5, $6, $7) RETURNING "id"[0m  [["flight_no", "BA7"], ["date", "2018-12-01"], ["origin", "SYD"], ["destination", "PVG"], ["airplane_id", 3], ["created_at", "2018-10-30 22:28:03.003582"], ["updated_at", "2018-10-30 22:28:03.003582"]]
  ↳ db/seeds.rb:42
  [1m[35m (0.8ms)[0m  [1m[35mCOMMIT[0m
  ↳ db/seeds.rb:42
  [1m[35m (0.8ms)[0m  [1m[35mBEGIN[0m
  ↳ db/seeds.rb:43
  [1m[36mFlight Create (3.5ms)[0m  [1m[32mINSERT INTO "flights" ("flight_no", "date", "origin", "destination", "airplane_id", "created_at", "updated_at") VALUES ($1, $2, $3, $4, $5, $6, $7) RETURNING "id"[0m  [["flight_no", "BA8"], ["date", "2018-11-06"], ["origin", "SYD"], ["destination", "SIN"], ["airplane_id", 3], ["created_at", "2018-10-30 22:28:03.010793"], ["updated_at", "2018-10-30 22:28:03.010793"]]
  ↳ db/seeds.rb:43
  [1m[35m (0.8ms)[0m  [1m[35mCOMMIT[0m
  ↳ db/seeds.rb:43
  [1m[35m (0.2ms)[0m  [1m[35mBEGIN[0m
  ↳ db/seeds.rb:44
  [1m[36mFlight Create (0.5ms)[0m  [1m[32mINSERT INTO "flights" ("flight_no", "date", "origin", "destination", "airplane_id", "created_at", "updated_at") VALUES ($1, $2, $3, $4, $5, $6, $7) RETURNING "id"[0m  [["flight_no", "BA9"], ["date", "2018-11-11"], ["origin", "SYD"], ["destination", "LHR"], ["airplane_id", 2], ["created_at", "2018-10-30 22:28:03.018239"], ["updated_at", "2018-10-30 22:28:03.018239"]]
  ↳ db/seeds.rb:44
  [1m[35m (0.3ms)[0m  [1m[35mCOMMIT[0m
  ↳ db/seeds.rb:44
  [1m[35m (0.1ms)[0m  [1m[35mBEGIN[0m
  ↳ db/seeds.rb:45
  [1m[36mFlight Create (0.5ms)[0m  [1m[32mINSERT INTO "flights" ("flight_no", "date", "origin", "destination", "airplane_id", "created_at", "updated_at") VALUES ($1, $2, $3, $4, $5, $6, $7) RETURNING "id"[0m  [["flight_no", "BA10"], ["date", "2018-12-24"], ["origin", "SYD"], ["destination", "BER"], ["airplane_id", 4], ["created_at", "2018-10-30 22:28:03.021385"], ["updated_at", "2018-10-30 22:28:03.021385"]]
  ↳ db/seeds.rb:45
  [1m[35m (0.4ms)[0m  [1m[35mCOMMIT[0m
  ↳ db/seeds.rb:45
  [1m[36mFlight Load (0.6ms)[0m  [1m[34mSELECT "flights".* FROM "flights"[0m
  ↳ db/seeds.rb:47
  [1m[35m (0.6ms)[0m  [1m[34mSELECT "flights"."flight_no" FROM "flights"[0m
  ↳ db/seeds.rb:48
  [1m[36mReservation Load (34.7ms)[0m  [1m[34mSELECT "reservations".* FROM "reservations"[0m
  ↳ db/seeds.rb:50
  [1m[35m (1.4ms)[0m  [1m[34mSELECT "schema_migrations"."version" FROM "schema_migrations" ORDER BY "schema_migrations"."version" ASC[0m
  ↳ bin/rails:4
  [1m[36mUser Load (0.9ms)[0m  [1m[34mSELECT "users".* FROM "users"[0m
  ↳ db/seeds.rb:8
  [1m[35m (0.3ms)[0m  [1m[35mBEGIN[0m
  ↳ db/seeds.rb:8
  [1m[36mUser Destroy (0.8ms)[0m  [1m[31mDELETE FROM "users" WHERE "users"."id" = $1[0m  [["id", 4]]
  ↳ db/seeds.rb:8
  [1m[35m (40.6ms)[0m  [1m[35mCOMMIT[0m
  ↳ db/seeds.rb:8
  [1m[35m (0.2ms)[0m  [1m[35mBEGIN[0m
  ↳ db/seeds.rb:8
  [1m[36mUser Destroy (0.7ms)[0m  [1m[31mDELETE FROM "users" WHERE "users"."id" = $1[0m  [["id", 5]]
  ↳ db/seeds.rb:8
  [1m[35m (0.5ms)[0m  [1m[35mCOMMIT[0m
  ↳ db/seeds.rb:8
  [1m[35m (0.2ms)[0m  [1m[35mBEGIN[0m
  ↳ db/seeds.rb:8
  [1m[36mUser Destroy (0.7ms)[0m  [1m[31mDELETE FROM "users" WHERE "users"."id" = $1[0m  [["id", 6]]
  ↳ db/seeds.rb:8
  [1m[35m (40.1ms)[0m  [1m[35mCOMMIT[0m
  ↳ db/seeds.rb:8
  [1m[35m (0.3ms)[0m  [1m[35mBEGIN[0m
  ↳ db/seeds.rb:12
  [1m[36mUser Create (1.0ms)[0m  [1m[32mINSERT INTO "users" ("name", "created_at", "updated_at") VALUES ($1, $2, $3) RETURNING "id"[0m  [["name", "Yianni"], ["created_at", "2018-10-30 22:28:29.771998"], ["updated_at", "2018-10-30 22:28:29.771998"]]
  ↳ db/seeds.rb:12
  [1m[35m (0.5ms)[0m  [1m[35mCOMMIT[0m
  ↳ db/seeds.rb:12
  [1m[35m (0.2ms)[0m  [1m[35mBEGIN[0m
  ↳ db/seeds.rb:13
  [1m[36mUser Create (0.4ms)[0m  [1m[32mINSERT INTO "users" ("name", "created_at", "updated_at") VALUES ($1, $2, $3) RETURNING "id"[0m  [["name", "John"], ["created_at", "2018-10-30 22:28:29.776598"], ["updated_at", "2018-10-30 22:28:29.776598"]]
  ↳ db/seeds.rb:13
  [1m[35m (0.5ms)[0m  [1m[35mCOMMIT[0m
  ↳ db/seeds.rb:13
  [1m[35m (0.2ms)[0m  [1m[35mBEGIN[0m
  ↳ db/seeds.rb:14
  [1m[36mUser Create (0.4ms)[0m  [1m[32mINSERT INTO "users" ("name", "created_at", "updated_at") VALUES ($1, $2, $3) RETURNING "id"[0m  [["name", "Andy"], ["created_at", "2018-10-30 22:28:29.779414"], ["updated_at", "2018-10-30 22:28:29.779414"]]
  ↳ db/seeds.rb:14
  [1m[35m (0.4ms)[0m  [1m[35mCOMMIT[0m
  ↳ db/seeds.rb:14
  [1m[36mUser Load (0.4ms)[0m  [1m[34mSELECT "users".* FROM "users"[0m
  ↳ db/seeds.rb:16
  [1m[35m (0.4ms)[0m  [1m[34mSELECT "users"."name" FROM "users"[0m
  ↳ db/seeds.rb:17
  [1m[36mAirplane Load (0.9ms)[0m  [1m[34mSELECT "airplanes".* FROM "airplanes"[0m
  ↳ db/seeds.rb:19
  [1m[35m (0.3ms)[0m  [1m[35mBEGIN[0m
  ↳ db/seeds.rb:19
  [1m[36mAirplane Destroy (0.8ms)[0m  [1m[31mDELETE FROM "airplanes" WHERE "airplanes"."id" = $1[0m  [["id", 1]]
  ↳ db/seeds.rb:19
  [1m[35m (41.0ms)[0m  [1m[35mCOMMIT[0m
  ↳ db/seeds.rb:19
  [1m[35m (0.3ms)[0m  [1m[35mBEGIN[0m
  ↳ db/seeds.rb:19
  [1m[36mAirplane Destroy (0.6ms)[0m  [1m[31mDELETE FROM "airplanes" WHERE "airplanes"."id" = $1[0m  [["id", 2]]
  ↳ db/seeds.rb:19
  [1m[35m (0.5ms)[0m  [1m[35mCOMMIT[0m
  ↳ db/seeds.rb:19
  [1m[35m (0.2ms)[0m  [1m[35mBEGIN[0m
  ↳ db/seeds.rb:19
  [1m[36mAirplane Destroy (0.5ms)[0m  [1m[31mDELETE FROM "airplanes" WHERE "airplanes"."id" = $1[0m  [["id", 3]]
  ↳ db/seeds.rb:19
  [1m[35m (0.5ms)[0m  [1m[35mCOMMIT[0m
  ↳ db/seeds.rb:19
  [1m[35m (0.2ms)[0m  [1m[35mBEGIN[0m
  ↳ db/seeds.rb:19
  [1m[36mAirplane Destroy (0.4ms)[0m  [1m[31mDELETE FROM "airplanes" WHERE "airplanes"."id" = $1[0m  [["id", 4]]
  ↳ db/seeds.rb:19
  [1m[35m (0.4ms)[0m  [1m[35mCOMMIT[0m
  ↳ db/seeds.rb:19
  [1m[35m (0.2ms)[0m  [1m[35mBEGIN[0m
  ↳ db/seeds.rb:23
  [1m[36mAirplane Create (0.6ms)[0m  [1m[32mINSERT INTO "airplanes" ("name", "rows", "columns", "created_at", "updated_at") VALUES ($1, $2, $3, $4, $5) RETURNING "id"[0m  [["name", "747"], ["rows", 32], ["columns", 4], ["created_at", "2018-10-30 22:28:29.857617"], ["updated_at", "2018-10-30 22:28:29.857617"]]
  ↳ db/seeds.rb:23
  [1m[35m (0.4ms)[0m  [1m[35mCOMMIT[0m
  ↳ db/seeds.rb:23
  [1m[35m (0.1ms)[0m  [1m[35mBEGIN[0m
  ↳ db/seeds.rb:24
  [1m[36mAirplane Create (0.4ms)[0m  [1m[32mINSERT INTO "airplanes" ("name", "rows", "columns", "created_at", "updated_at") VALUES ($1, $2, $3, $4, $5) RETURNING "id"[0m  [["name", "A330"], ["rows", 58], ["columns", 6], ["created_at", "2018-10-30 22:28:29.860589"], ["updated_at", "2018-10-30 22:28:29.860589"]]
  ↳ db/seeds.rb:24
  [1m[35m (0.4ms)[0m  [1m[35mCOMMIT[0m
  ↳ db/seeds.rb:24
  [1m[35m (0.1ms)[0m  [1m[35mBEGIN[0m
  ↳ db/seeds.rb:25
  [1m[36mAirplane Create (0.4ms)[0m  [1m[32mINSERT INTO "airplanes" ("name", "rows", "columns", "created_at", "updated_at") VALUES ($1, $2, $3, $4, $5) RETURNING "id"[0m  [["name", "787"], ["rows", 45], ["columns", 4], ["created_at", "2018-10-30 22:28:29.863015"], ["updated_at", "2018-10-30 22:28:29.863015"]]
  ↳ db/seeds.rb:25
  [1m[35m (0.4ms)[0m  [1m[35mCOMMIT[0m
  ↳ db/seeds.rb:25
  [1m[35m (0.2ms)[0m  [1m[35mBEGIN[0m
  ↳ db/seeds.rb:26
  [1m[36mAirplane Create (0.4ms)[0m  [1m[32mINSERT INTO "airplanes" ("name", "rows", "columns", "created_at", "updated_at") VALUES ($1, $2, $3, $4, $5) RETURNING "id"[0m  [["name", "A380"], ["rows", 80], ["columns", 8], ["created_at", "2018-10-30 22:28:29.865346"], ["updated_at", "2018-10-30 22:28:29.865346"]]
  ↳ db/seeds.rb:26
  [1m[35m (0.5ms)[0m  [1m[35mCOMMIT[0m
  ↳ db/seeds.rb:26
  [1m[36mAirplane Load (0.4ms)[0m  [1m[34mSELECT "airplanes".* FROM "airplanes"[0m
  ↳ db/seeds.rb:28
  [1m[35m (0.4ms)[0m  [1m[34mSELECT "airplanes"."name" FROM "airplanes"[0m
  ↳ db/seeds.rb:29
  [1m[36mFlight Load (1.0ms)[0m  [1m[34mSELECT "flights".* FROM "flights"[0m
  ↳ db/seeds.rb:32
  [1m[35m (0.2ms)[0m  [1m[35mBEGIN[0m
  ↳ db/seeds.rb:32
  [1m[36mFlight Destroy (0.6ms)[0m  [1m[31mDELETE FROM "flights" WHERE "flights"."id" = $1[0m  [["id", 1]]
  ↳ db/seeds.rb:32
  [1m[35m (40.4ms)[0m  [1m[35mCOMMIT[0m
  ↳ db/seeds.rb:32
  [1m[35m (0.4ms)[0m  [1m[35mBEGIN[0m
  ↳ db/seeds.rb:32
  [1m[36mFlight Destroy (0.9ms)[0m  [1m[31mDELETE FROM "flights" WHERE "flights"."id" = $1[0m  [["id", 2]]
  ↳ db/seeds.rb:32
  [1m[35m (0.6ms)[0m  [1m[35mCOMMIT[0m
  ↳ db/seeds.rb:32
  [1m[35m (0.2ms)[0m  [1m[35mBEGIN[0m
  ↳ db/seeds.rb:32
  [1m[36mFlight Destroy (0.6ms)[0m  [1m[31mDELETE FROM "flights" WHERE "flights"."id" = $1[0m  [["id", 3]]
  ↳ db/seeds.rb:32
  [1m[35m (0.5ms)[0m  [1m[35mCOMMIT[0m
  ↳ db/seeds.rb:32
  [1m[35m (0.2ms)[0m  [1m[35mBEGIN[0m
  ↳ db/seeds.rb:32
  [1m[36mFlight Destroy (0.4ms)[0m  [1m[31mDELETE FROM "flights" WHERE "flights"."id" = $1[0m  [["id", 4]]
  ↳ db/seeds.rb:32
  [1m[35m (0.4ms)[0m  [1m[35mCOMMIT[0m
  ↳ db/seeds.rb:32
  [1m[35m (0.1ms)[0m  [1m[35mBEGIN[0m
  ↳ db/seeds.rb:32
  [1m[36mFlight Destroy (0.3ms)[0m  [1m[31mDELETE FROM "flights" WHERE "flights"."id" = $1[0m  [["id", 5]]
  ↳ db/seeds.rb:32
  [1m[35m (0.4ms)[0m  [1m[35mCOMMIT[0m
  ↳ db/seeds.rb:32
  [1m[35m (0.1ms)[0m  [1m[35mBEGIN[0m
  ↳ db/seeds.rb:32
  [1m[36mFlight Destroy (0.3ms)[0m  [1m[31mDELETE FROM "flights" WHERE "flights"."id" = $1[0m  [["id", 6]]
  ↳ db/seeds.rb:32
  [1m[35m (0.3ms)[0m  [1m[35mCOMMIT[0m
  ↳ db/seeds.rb:32
  [1m[35m (0.1ms)[0m  [1m[35mBEGIN[0m
  ↳ db/seeds.rb:32
  [1m[36mFlight Destroy (0.4ms)[0m  [1m[31mDELETE FROM "flights" WHERE "flights"."id" = $1[0m  [["id", 7]]
  ↳ db/seeds.rb:32
  [1m[35m (0.4ms)[0m  [1m[35mCOMMIT[0m
  ↳ db/seeds.rb:32
  [1m[35m (0.1ms)[0m  [1m[35mBEGIN[0m
  ↳ db/seeds.rb:32
  [1m[36mFlight Destroy (0.3ms)[0m  [1m[31mDELETE FROM "flights" WHERE "flights"."id" = $1[0m  [["id", 8]]
  ↳ db/seeds.rb:32
  [1m[35m (0.3ms)[0m  [1m[35mCOMMIT[0m
  ↳ db/seeds.rb:32
  [1m[35m (0.1ms)[0m  [1m[35mBEGIN[0m
  ↳ db/seeds.rb:32
  [1m[36mFlight Destroy (0.3ms)[0m  [1m[31mDELETE FROM "flights" WHERE "flights"."id" = $1[0m  [["id", 9]]
  ↳ db/seeds.rb:32
  [1m[35m (0.3ms)[0m  [1m[35mCOMMIT[0m
  ↳ db/seeds.rb:32
  [1m[35m (0.1ms)[0m  [1m[35mBEGIN[0m
  ↳ db/seeds.rb:32
  [1m[36mFlight Destroy (0.3ms)[0m  [1m[31mDELETE FROM "flights" WHERE "flights"."id" = $1[0m  [["id", 10]]
  ↳ db/seeds.rb:32
  [1m[35m (0.3ms)[0m  [1m[35mCOMMIT[0m
  ↳ db/seeds.rb:32
  [1m[35m (0.3ms)[0m  [1m[35mBEGIN[0m
  ↳ db/seeds.rb:36
  [1m[36mFlight Create (0.7ms)[0m  [1m[32mINSERT INTO "flights" ("flight_no", "date", "origin", "destination", "airplane_id", "created_at", "updated_at") VALUES ($1, $2, $3, $4, $5, $6, $7) RETURNING "id"[0m  [["flight_no", "BA1"], ["date", "2018-12-01"], ["origin", "SYD"], ["destination", "LHR"], ["airplane_id", 5], ["created_at", "2018-10-30 22:28:29.960262"], ["updated_at", "2018-10-30 22:28:29.960262"]]
  ↳ db/seeds.rb:36
  [1m[35m (40.2ms)[0m  [1m[35mCOMMIT[0m
  ↳ db/seeds.rb:36
  [1m[35m (0.3ms)[0m  [1m[35mBEGIN[0m
  ↳ db/seeds.rb:37
  [1m[36mFlight Create (0.9ms)[0m  [1m[32mINSERT INTO "flights" ("flight_no", "date", "origin", "destination", "airplane_id", "created_at", "updated_at") VALUES ($1, $2, $3, $4, $5, $6, $7) RETURNING "id"[0m  [["flight_no", "BA2"], ["date", "2019-01-10"], ["origin", "SYD"], ["destination", "LAX"], ["airplane_id", 8], ["created_at", "2018-10-30 22:28:30.005465"], ["updated_at", "2018-10-30 22:28:30.005465"]]
  ↳ db/seeds.rb:37
  [1m[35m (0.5ms)[0m  [1m[35mCOMMIT[0m
  ↳ db/seeds.rb:37
  [1m[35m (0.2ms)[0m  [1m[35mBEGIN[0m
  ↳ db/seeds.rb:38
  [1m[36mFlight Create (0.6ms)[0m  [1m[32mINSERT INTO "flights" ("flight_no", "date", "origin", "destination", "airplane_id", "created_at", "updated_at") VALUES ($1, $2, $3, $4, $5, $6, $7) RETURNING "id"[0m  [["flight_no", "BA3"], ["date", "2018-12-15"], ["origin", "SYD"], ["destination", "BKK"], ["airplane_id", 6], ["created_at", "2018-10-30 22:28:30.009732"], ["updated_at", "2018-10-30 22:28:30.009732"]]
  ↳ db/seeds.rb:38
  [1m[35m (0.5ms)[0m  [1m[35mCOMMIT[0m
  ↳ db/seeds.rb:38
  [1m[35m (0.3ms)[0m  [1m[35mBEGIN[0m
  ↳ db/seeds.rb:39
  [1m[36mFlight Create (1.1ms)[0m  [1m[32mINSERT INTO "flights" ("flight_no", "date", "origin", "destination", "airplane_id", "created_at", "updated_at") VALUES ($1, $2, $3, $4, $5, $6, $7) RETURNING "id"[0m  [["flight_no", "BA4"], ["date", "2018-11-01"], ["origin", "SYD"], ["destination", "JFK"], ["airplane_id", 8], ["created_at", "2018-10-30 22:28:30.015250"], ["updated_at", "2018-10-30 22:28:30.015250"]]
  ↳ db/seeds.rb:39
  [1m[35m (0.5ms)[0m  [1m[35mCOMMIT[0m
  ↳ db/seeds.rb:39
  [1m[35m (0.3ms)[0m  [1m[35mBEGIN[0m
  ↳ db/seeds.rb:40
  [1m[36mFlight Create (1.1ms)[0m  [1m[32mINSERT INTO "flights" ("flight_no", "date", "origin", "destination", "airplane_id", "created_at", "updated_at") VALUES ($1, $2, $3, $4, $5, $6, $7) RETURNING "id"[0m  [["flight_no", "BA5"], ["date", "2018-12-20"], ["origin", "SYD"], ["destination", "HND"], ["airplane_id", 5], ["created_at", "2018-10-30 22:28:30.022299"], ["updated_at", "2018-10-30 22:28:30.022299"]]
  ↳ db/seeds.rb:40
  [1m[35m (0.4ms)[0m  [1m[35mCOMMIT[0m
  ↳ db/seeds.rb:40
  [1m[35m (0.1ms)[0m  [1m[35mBEGIN[0m
  ↳ db/seeds.rb:41
  [1m[36mFlight Create (0.5ms)[0m  [1m[32mINSERT INTO "flights" ("flight_no", "date", "origin", "destination", "airplane_id", "created_at", "updated_at") VALUES ($1, $2, $3, $4, $5, $6, $7) RETURNING "id"[0m  [["flight_no", "BA6"], ["date", "2018-12-01"], ["origin", "SYD"], ["destination", "LHR"], ["airplane_id", 8], ["created_at", "2018-10-30 22:28:30.027420"], ["updated_at", "2018-10-30 22:28:30.027420"]]
  ↳ db/seeds.rb:41
  [1m[35m (0.5ms)[0m  [1m[35mCOMMIT[0m
  ↳ db/seeds.rb:41
  [1m[35m (0.2ms)[0m  [1m[35mBEGIN[0m
  ↳ db/seeds.rb:42
  [1m[36mFlight Create (0.4ms)[0m  [1m[32mINSERT INTO "flights" ("flight_no", "date", "origin", "destination", "airplane_id", "created_at", "updated_at") VALUES ($1, $2, $3, $4, $5, $6, $7) RETURNING "id"[0m  [["flight_no", "BA7"], ["date", "2018-12-01"], ["origin", "SYD"], ["destination", "PVG"], ["airplane_id", 7], ["created_at", "2018-10-30 22:28:30.030363"], ["updated_at", "2018-10-30 22:28:30.030363"]]
  ↳ db/seeds.rb:42
  [1m[35m (0.4ms)[0m  [1m[35mCOMMIT[0m
  ↳ db/seeds.rb:42
  [1m[35m (0.1ms)[0m  [1m[35mBEGIN[0m
  ↳ db/seeds.rb:43
  [1m[36mFlight Create (0.5ms)[0m  [1m[32mINSERT INTO "flights" ("flight_no", "date", "origin", "destination", "airplane_id", "created_at", "updated_at") VALUES ($1, $2, $3, $4, $5, $6, $7) RETURNING "id"[0m  [["flight_no", "BA8"], ["date", "2018-11-06"], ["origin", "SYD"], ["destination", "SIN"], ["airplane_id", 7], ["created_at", "2018-10-30 22:28:30.033101"], ["updated_at", "2018-10-30 22:28:30.033101"]]
  ↳ db/seeds.rb:43
  [1m[35m (0.5ms)[0m  [1m[35mCOMMIT[0m
  ↳ db/seeds.rb:43
  [1m[35m (0.2ms)[0m  [1m[35mBEGIN[0m
  ↳ db/seeds.rb:44
  [1m[36mFlight Create (0.5ms)[0m  [1m[32mINSERT INTO "flights" ("flight_no", "date", "origin", "destination", "airplane_id", "created_at", "updated_at") VALUES ($1, $2, $3, $4, $5, $6, $7) RETURNING "id"[0m  [["flight_no", "BA9"], ["date", "2018-11-11"], ["origin", "SYD"], ["destination", "LHR"], ["airplane_id", 6], ["created_at", "2018-10-30 22:28:30.035840"], ["updated_at", "2018-10-30 22:28:30.035840"]]
  ↳ db/seeds.rb:44
  [1m[35m (0.5ms)[0m  [1m[35mCOMMIT[0m
  ↳ db/seeds.rb:44
  [1m[35m (0.1ms)[0m  [1m[35mBEGIN[0m
  ↳ db/seeds.rb:45
  [1m[36mFlight Create (0.5ms)[0m  [1m[32mINSERT INTO "flights" ("flight_no", "date", "origin", "destination", "airplane_id", "created_at", "updated_at") VALUES ($1, $2, $3, $4, $5, $6, $7) RETURNING "id"[0m  [["flight_no", "BA10"], ["date", "2018-12-24"], ["origin", "SYD"], ["destination", "BER"], ["airplane_id", 8], ["created_at", "2018-10-30 22:28:30.038815"], ["updated_at", "2018-10-30 22:28:30.038815"]]
  ↳ db/seeds.rb:45
  [1m[35m (0.4ms)[0m  [1m[35mCOMMIT[0m
  ↳ db/seeds.rb:45
  [1m[36mFlight Load (0.4ms)[0m  [1m[34mSELECT "flights".* FROM "flights"[0m
  ↳ db/seeds.rb:47
  [1m[35m (0.4ms)[0m  [1m[34mSELECT "flights"."flight_no" FROM "flights"[0m
  ↳ db/seeds.rb:48
  [1m[36mReservation Load (0.8ms)[0m  [1m[34mSELECT "reservations".* FROM "reservations"[0m
  ↳ db/seeds.rb:50
  [1m[35m (0.4ms)[0m  [1m[35mBEGIN[0m
  ↳ db/seeds.rb:55
  [1m[36mReservation Create (1.0ms)[0m  [1m[32mINSERT INTO "reservations" ("user_id", "flight_id", "seat_row", "seat_column", "created_at", "updated_at") VALUES ($1, $2, $3, $4, $5, $6) RETURNING "id"[0m  [["user_id", 7], ["flight_id", 11], ["seat_row", 1], ["seat_column", 1], ["created_at", "2018-10-30 22:28:30.064719"], ["updated_at", "2018-10-30 22:28:30.064719"]]
  ↳ db/seeds.rb:55
  [1m[35m (24.9ms)[0m  [1m[35mCOMMIT[0m
  ↳ db/seeds.rb:55
  [1m[35m (0.3ms)[0m  [1m[35mBEGIN[0m
  ↳ db/seeds.rb:56
  [1m[36mReservation Create (0.8ms)[0m  [1m[32mINSERT INTO "reservations" ("user_id", "flight_id", "seat_row", "seat_column", "created_at", "updated_at") VALUES ($1, $2, $3, $4, $5, $6) RETURNING "id"[0m  [["user_id", 8], ["flight_id", 12], ["seat_row", 4], ["seat_column", 3], ["created_at", "2018-10-30 22:28:30.094016"], ["updated_at", "2018-10-30 22:28:30.094016"]]
  ↳ db/seeds.rb:56
  [1m[35m (0.5ms)[0m  [1m[35mCOMMIT[0m
  ↳ db/seeds.rb:56
  [1m[35m (0.2ms)[0m  [1m[35mBEGIN[0m
  ↳ db/seeds.rb:57
  [1m[36mReservation Create (0.4ms)[0m  [1m[32mINSERT INTO "reservations" ("user_id", "flight_id", "seat_row", "seat_column", "created_at", "updated_at") VALUES ($1, $2, $3, $4, $5, $6) RETURNING "id"[0m  [["user_id", 9], ["flight_id", 14], ["seat_row", 8], ["seat_column", 4], ["created_at", "2018-10-30 22:28:30.097629"], ["updated_at", "2018-10-30 22:28:30.097629"]]
  ↳ db/seeds.rb:57
  [1m[35m (0.4ms)[0m  [1m[35mCOMMIT[0m
  ↳ db/seeds.rb:57
  [1m[35m (0.1ms)[0m  [1m[35mBEGIN[0m
  ↳ db/seeds.rb:58
  [1m[36mReservation Create (0.4ms)[0m  [1m[32mINSERT INTO "reservations" ("user_id", "flight_id", "seat_row", "seat_column", "created_at", "updated_at") VALUES ($1, $2, $3, $4, $5, $6) RETURNING "id"[0m  [["user_id", 8], ["flight_id", 11], ["seat_row", 9], ["seat_column", 1], ["created_at", "2018-10-30 22:28:30.100276"], ["updated_at", "2018-10-30 22:28:30.100276"]]
  ↳ db/seeds.rb:58
  [1m[35m (0.5ms)[0m  [1m[35mCOMMIT[0m
  ↳ db/seeds.rb:58
  [1m[35m (0.1ms)[0m  [1m[35mBEGIN[0m
  ↳ db/seeds.rb:59
  [1m[36mReservation Create (0.4ms)[0m  [1m[32mINSERT INTO "reservations" ("user_id", "flight_id", "seat_row", "seat_column", "created_at", "updated_at") VALUES ($1, $2, $3, $4, $5, $6) RETURNING "id"[0m  [["user_id", 9], ["flight_id", 12], ["seat_row", 18], ["seat_column", 6], ["created_at", "2018-10-30 22:28:30.103026"], ["updated_at", "2018-10-30 22:28:30.103026"]]
  ↳ db/seeds.rb:59
  [1m[35m (0.3ms)[0m  [1m[35mCOMMIT[0m
  ↳ db/seeds.rb:59
  [1m[35m (0.2ms)[0m  [1m[35mBEGIN[0m
  ↳ db/seeds.rb:60
  [1m[36mReservation Create (0.5ms)[0m  [1m[32mINSERT INTO "reservations" ("user_id", "flight_id", "seat_row", "seat_column", "created_at", "updated_at") VALUES ($1, $2, $3, $4, $5, $6) RETURNING "id"[0m  [["user_id", 8], ["flight_id", 15], ["seat_row", 17], ["seat_column", 4], ["created_at", "2018-10-30 22:28:30.105917"], ["updated_at", "2018-10-30 22:28:30.105917"]]
  ↳ db/seeds.rb:60
  [1m[35m (0.5ms)[0m  [1m[35mCOMMIT[0m
  ↳ db/seeds.rb:60
  [1m[35m (0.2ms)[0m  [1m[35mBEGIN[0m
  ↳ db/seeds.rb:61
  [1m[36mReservation Create (0.5ms)[0m  [1m[32mINSERT INTO "reservations" ("user_id", "flight_id", "seat_row", "seat_column", "created_at", "updated_at") VALUES ($1, $2, $3, $4, $5, $6) RETURNING "id"[0m  [["user_id", 7], ["flight_id", 20], ["seat_row", 4], ["seat_column", 8], ["created_at", "2018-10-30 22:28:30.109363"], ["updated_at", "2018-10-30 22:28:30.109363"]]
  ↳ db/seeds.rb:61
  [1m[35m (0.5ms)[0m  [1m[35mCOMMIT[0m
  ↳ db/seeds.rb:61
  [1m[35m (0.2ms)[0m  [1m[35mBEGIN[0m
  ↳ db/seeds.rb:62
  [1m[36mReservation Create (0.4ms)[0m  [1m[32mINSERT INTO "reservations" ("user_id", "flight_id", "seat_row", "seat_column", "created_at", "updated_at") VALUES ($1, $2, $3, $4, $5, $6) RETURNING "id"[0m  [["user_id", 8], ["flight_id", 11], ["seat_row", 5], ["seat_column", 7], ["created_at", "2018-10-30 22:28:30.112441"], ["updated_at", "2018-10-30 22:28:30.112441"]]
  ↳ db/seeds.rb:62
  [1m[35m (0.4ms)[0m  [1m[35mCOMMIT[0m
  ↳ db/seeds.rb:62
  [1m[35m (0.1ms)[0m  [1m[35mBEGIN[0m
  ↳ db/seeds.rb:63
  [1m[36mReservation Create (0.4ms)[0m  [1m[32mINSERT INTO "reservations" ("user_id", "flight_id", "seat_row", "seat_column", "created_at", "updated_at") VALUES ($1, $2, $3, $4, $5, $6) RETURNING "id"[0m  [["user_id", 7], ["flight_id", 20], ["seat_row", 21], ["seat_column", 1], ["created_at", "2018-10-30 22:28:30.115207"], ["updated_at", "2018-10-30 22:28:30.115207"]]
  ↳ db/seeds.rb:63
  [1m[35m (0.4ms)[0m  [1m[35mCOMMIT[0m
  ↳ db/seeds.rb:63
  [1m[35m (0.2ms)[0m  [1m[35mBEGIN[0m
  ↳ db/seeds.rb:64
  [1m[36mReservation Create (0.4ms)[0m  [1m[32mINSERT INTO "reservations" ("user_id", "flight_id", "seat_row", "seat_column", "created_at", "updated_at") VALUES ($1, $2, $3, $4, $5, $6) RETURNING "id"[0m  [["user_id", 8], ["flight_id", 13], ["seat_row", 30], ["seat_column", 2], ["created_at", "2018-10-30 22:28:30.117879"], ["updated_at", "2018-10-30 22:28:30.117879"]]
  ↳ db/seeds.rb:64
  [1m[35m (0.4ms)[0m  [1m[35mCOMMIT[0m
  ↳ db/seeds.rb:64
  [1m[35m (0.1ms)[0m  [1m[35mBEGIN[0m
  ↳ db/seeds.rb:65
  [1m[36mReservation Create (0.6ms)[0m  [1m[32mINSERT INTO "reservations" ("user_id", "flight_id", "seat_row", "seat_column", "created_at", "updated_at") VALUES ($1, $2, $3, $4, $5, $6) RETURNING "id"[0m  [["user_id", 9], ["flight_id", 12], ["seat_row", 32], ["seat_column", 4], ["created_at", "2018-10-30 22:28:30.120465"], ["updated_at", "2018-10-30 22:28:30.120465"]]
  ↳ db/seeds.rb:65
  [1m[35m (0.4ms)[0m  [1m[35mCOMMIT[0m
  ↳ db/seeds.rb:65
  [1m[35m (0.3ms)[0m  [1m[35mBEGIN[0m
  ↳ db/seeds.rb:66
  [1m[36mReservation Create (0.5ms)[0m  [1m[32mINSERT INTO "reservations" ("user_id", "flight_id", "seat_row", "seat_column", "created_at", "updated_at") VALUES ($1, $2, $3, $4, $5, $6) RETURNING "id"[0m  [["user_id", 8], ["flight_id", 14], ["seat_row", 21], ["seat_column", 5], ["created_at", "2018-10-30 22:28:30.123448"], ["updated_at", "2018-10-30 22:28:30.123448"]]
  ↳ db/seeds.rb:66
  [1m[35m (0.5ms)[0m  [1m[35mCOMMIT[0m
  ↳ db/seeds.rb:66
  [1m[35m (0.2ms)[0m  [1m[35mBEGIN[0m
  ↳ db/seeds.rb:67
  [1m[36mReservation Create (0.4ms)[0m  [1m[32mINSERT INTO "reservations" ("user_id", "flight_id", "seat_row", "seat_column", "created_at", "updated_at") VALUES ($1, $2, $3, $4, $5, $6) RETURNING "id"[0m  [["user_id", 8], ["flight_id", 13], ["seat_row", 32], ["seat_column", 5], ["created_at", "2018-10-30 22:28:30.126303"], ["updated_at", "2018-10-30 22:28:30.126303"]]
  ↳ db/seeds.rb:67
  [1m[35m (0.5ms)[0m  [1m[35mCOMMIT[0m
  ↳ db/seeds.rb:67
  [1m[35m (0.2ms)[0m  [1m[35mBEGIN[0m
  ↳ db/seeds.rb:68
  [1m[36mReservation Create (1.0ms)[0m  [1m[32mINSERT INTO "reservations" ("user_id", "flight_id", "seat_row", "seat_column", "created_at", "updated_at") VALUES ($1, $2, $3, $4, $5, $6) RETURNING "id"[0m  [["user_id", 9], ["flight_id", 15], ["seat_row", 2], ["seat_column", 1], ["created_at", "2018-10-30 22:28:30.129698"], ["updated_at", "2018-10-30 22:28:30.129698"]]
  ↳ db/seeds.rb:68
  [1m[35m (0.5ms)[0m  [1m[35mCOMMIT[0m
  ↳ db/seeds.rb:68
  [1m[35m (0.5ms)[0m  [1m[35mBEGIN[0m
  ↳ db/seeds.rb:69
  [1m[36mReservation Create (0.8ms)[0m  [1m[32mINSERT INTO "reservations" ("user_id", "flight_id", "seat_row", "seat_column", "created_at", "updated_at") VALUES ($1, $2, $3, $4, $5, $6) RETURNING "id"[0m  [["user_id", 7], ["flight_id", 16], ["seat_row", 31], ["seat_column", 2], ["created_at", "2018-10-30 22:28:30.136518"], ["updated_at", "2018-10-30 22:28:30.136518"]]
  ↳ db/seeds.rb:69
  [1m[35m (0.5ms)[0m  [1m[35mCOMMIT[0m
  ↳ db/seeds.rb:69
  [1m[35m (0.2ms)[0m  [1m[35mBEGIN[0m
  ↳ db/seeds.rb:70
  [1m[36mReservation Create (0.5ms)[0m  [1m[32mINSERT INTO "reservations" ("user_id", "flight_id", "seat_row", "seat_column", "created_at", "updated_at") VALUES ($1, $2, $3, $4, $5, $6) RETURNING "id"[0m  [["user_id", 8], ["flight_id", 17], ["seat_row", 32], ["seat_column", 1], ["created_at", "2018-10-30 22:28:30.142291"], ["updated_at", "2018-10-30 22:28:30.142291"]]
  ↳ db/seeds.rb:70
  [1m[35m (0.5ms)[0m  [1m[35mCOMMIT[0m
  ↳ db/seeds.rb:70
  [1m[35m (0.1ms)[0m  [1m[35mBEGIN[0m
  ↳ db/seeds.rb:71
  [1m[36mReservation Create (0.8ms)[0m  [1m[32mINSERT INTO "reservations" ("user_id", "flight_id", "seat_row", "seat_column", "created_at", "updated_at") VALUES ($1, $2, $3, $4, $5, $6) RETURNING "id"[0m  [["user_id", 7], ["flight_id", 18], ["seat_row", 20], ["seat_column", 6], ["created_at", "2018-10-30 22:28:30.145194"], ["updated_at", "2018-10-30 22:28:30.145194"]]
  ↳ db/seeds.rb:71
  [1m[35m (0.4ms)[0m  [1m[35mCOMMIT[0m
  ↳ db/seeds.rb:71
  [1m[35m (0.1ms)[0m  [1m[35mBEGIN[0m
  ↳ db/seeds.rb:72
  [1m[36mReservation Create (0.4ms)[0m  [1m[32mINSERT INTO "reservations" ("user_id", "flight_id", "seat_row", "seat_column", "created_at", "updated_at") VALUES ($1, $2, $3, $4, $5, $6) RETURNING "id"[0m  [["user_id", 8], ["flight_id", 12], ["seat_row", 15], ["seat_column", 2], ["created_at", "2018-10-30 22:28:30.148195"], ["updated_at", "2018-10-30 22:28:30.148195"]]
  ↳ db/seeds.rb:72
  [1m[35m (0.5ms)[0m  [1m[35mCOMMIT[0m
  ↳ db/seeds.rb:72
  [1m[35m (0.2ms)[0m  [1m[35mBEGIN[0m
  ↳ db/seeds.rb:73
  [1m[36mReservation Create (0.4ms)[0m  [1m[32mINSERT INTO "reservations" ("user_id", "flight_id", "seat_row", "seat_column", "created_at", "updated_at") VALUES ($1, $2, $3, $4, $5, $6) RETURNING "id"[0m  [["user_id", 9], ["flight_id", 19], ["seat_row", 8], ["seat_column", 3], ["created_at", "2018-10-30 22:28:30.150944"], ["updated_at", "2018-10-30 22:28:30.150944"]]
  ↳ db/seeds.rb:73
  [1m[35m (0.5ms)[0m  [1m[35mCOMMIT[0m
  ↳ db/seeds.rb:73
  [1m[35m (0.1ms)[0m  [1m[35mBEGIN[0m
  ↳ db/seeds.rb:74
  [1m[36mReservation Create (0.4ms)[0m  [1m[32mINSERT INTO "reservations" ("user_id", "flight_id", "seat_row", "seat_column", "created_at", "updated_at") VALUES ($1, $2, $3, $4, $5, $6) RETURNING "id"[0m  [["user_id", 7], ["flight_id", 13], ["seat_row", 4], ["seat_column", 4], ["created_at", "2018-10-30 22:28:30.153710"], ["updated_at", "2018-10-30 22:28:30.153710"]]
  ↳ db/seeds.rb:74
  [1m[35m (0.4ms)[0m  [1m[35mCOMMIT[0m
  ↳ db/seeds.rb:74
  [1m[36mReservation Load (0.4ms)[0m  [1m[34mSELECT "reservations".* FROM "reservations"[0m
  ↳ db/seeds.rb:76
  [1m[35m (0.4ms)[0m  [1m[34mSELECT "reservations"."user_id" FROM "reservations"[0m
  ↳ db/seeds.rb:77
Started GET "/" for 127.0.0.1 at 2018-10-31 09:29:03 +1100
  [1m[35m (1.4ms)[0m  [1m[34mSELECT "schema_migrations"."version" FROM "schema_migrations" ORDER BY "schema_migrations"."version" ASC[0m
  ↳ /Users/yiannimoustakas/.rvm/gems/ruby-2.5.1/gems/activerecord-5.2.1/lib/active_record/log_subscriber.rb:98
Processing by Rails::WelcomeController#index as HTML
  Rendering /Users/yiannimoustakas/.rvm/gems/ruby-2.5.1/gems/railties-5.2.1/lib/rails/templates/rails/welcome/index.html.erb
  Rendered /Users/yiannimoustakas/.rvm/gems/ruby-2.5.1/gems/railties-5.2.1/lib/rails/templates/rails/welcome/index.html.erb (11.9ms)
Completed 200 OK in 52ms (Views: 42.2ms | ActiveRecord: 0.0ms)


Started GET "/airplane" for 127.0.0.1 at 2018-10-31 09:29:10 +1100
  
ActionController::RoutingError (No route matches [GET] "/airplane"):
  
actionpack (5.2.1) lib/action_dispatch/middleware/debug_exceptions.rb:65:in `call'
web-console (3.7.0) lib/web_console/middleware.rb:135:in `call_app'
web-console (3.7.0) lib/web_console/middleware.rb:30:in `block in call'
web-console (3.7.0) lib/web_console/middleware.rb:20:in `catch'
web-console (3.7.0) lib/web_console/middleware.rb:20:in `call'
actionpack (5.2.1) lib/action_dispatch/middleware/show_exceptions.rb:33:in `call'
railties (5.2.1) lib/rails/rack/logger.rb:38:in `call_app'
railties (5.2.1) lib/rails/rack/logger.rb:26:in `block in call'
activesupport (5.2.1) lib/active_support/tagged_logging.rb:71:in `block in tagged'
activesupport (5.2.1) lib/active_support/tagged_logging.rb:28:in `tagged'
activesupport (5.2.1) lib/active_support/tagged_logging.rb:71:in `tagged'
railties (5.2.1) lib/rails/rack/logger.rb:26:in `call'
sprockets-rails (3.2.1) lib/sprockets/rails/quiet_assets.rb:13:in `call'
actionpack (5.2.1) lib/action_dispatch/middleware/remote_ip.rb:81:in `call'
actionpack (5.2.1) lib/action_dispatch/middleware/request_id.rb:27:in `call'
rack (2.0.5) lib/rack/method_override.rb:22:in `call'
rack (2.0.5) lib/rack/runtime.rb:22:in `call'
activesupport (5.2.1) lib/active_support/cache/strategy/local_cache_middleware.rb:29:in `call'
actionpack (5.2.1) lib/action_dispatch/middleware/executor.rb:14:in `call'
actionpack (5.2.1) lib/action_dispatch/middleware/static.rb:127:in `call'
rack (2.0.5) lib/rack/sendfile.rb:111:in `call'
railties (5.2.1) lib/rails/engine.rb:524:in `call'
puma (3.12.0) lib/puma/configuration.rb:225:in `call'
puma (3.12.0) lib/puma/server.rb:658:in `handle_request'
puma (3.12.0) lib/puma/server.rb:472:in `process_client'
puma (3.12.0) lib/puma/server.rb:332:in `block in run'
puma (3.12.0) lib/puma/thread_pool.rb:133:in `block in spawn_thread'
Started GET "/airplanes" for 127.0.0.1 at 2018-10-31 09:29:25 +1100
  
SyntaxError (/Users/yiannimoustakas/wdi/projects/burning-airlines/ba-backend/app/controllers/airplanes_controller.rb:16: syntax error, unexpected tCONSTANT, expecting keyword_end
    render :json Airplane.all
                 ^~~~~~~~):
  
app/controllers/airplanes_controller.rb:16: syntax error, unexpected tCONSTANT, expecting keyword_end
Started GET "/airplanes" for 127.0.0.1 at 2018-10-31 09:29:52 +1100
  
SyntaxError (/Users/yiannimoustakas/wdi/projects/burning-airlines/ba-backend/app/controllers/airplanes_controller.rb:16: syntax error, unexpected tCONSTANT, expecting keyword_end
    render :json Airplane.all
                 ^~~~~~~~):
  
app/controllers/airplanes_controller.rb:16: syntax error, unexpected tCONSTANT, expecting keyword_end
Started GET "/airplanes" for 127.0.0.1 at 2018-10-31 09:30:11 +1100
Processing by AirplanesController#index as HTML
  [1m[36mAirplane Load (4.4ms)[0m  [1m[34mSELECT "airplanes".* FROM "airplanes"[0m
  ↳ app/controllers/airplanes_controller.rb:16
Completed 200 OK in 69ms (Views: 21.5ms | ActiveRecord: 37.1ms)


Started GET "/reservations" for 127.0.0.1 at 2018-10-31 09:31:14 +1100
Processing by ReservationsController#index as HTML
Completed 500 Internal Server Error in 4ms (ActiveRecord: 0.0ms)


  
NameError (uninitialized constant ReservationsController::Reserevation):
  
app/controllers/reservations_controller.rb:25:in `index'
Started GET "/reservation" for 127.0.0.1 at 2018-10-31 09:31:18 +1100
  
ActionController::RoutingError (No route matches [GET] "/reservation"):
  
actionpack (5.2.1) lib/action_dispatch/middleware/debug_exceptions.rb:65:in `call'
web-console (3.7.0) lib/web_console/middleware.rb:135:in `call_app'
web-console (3.7.0) lib/web_console/middleware.rb:30:in `block in call'
web-console (3.7.0) lib/web_console/middleware.rb:20:in `catch'
web-console (3.7.0) lib/web_console/middleware.rb:20:in `call'
actionpack (5.2.1) lib/action_dispatch/middleware/show_exceptions.rb:33:in `call'
railties (5.2.1) lib/rails/rack/logger.rb:38:in `call_app'
railties (5.2.1) lib/rails/rack/logger.rb:26:in `block in call'
activesupport (5.2.1) lib/active_support/tagged_logging.rb:71:in `block in tagged'
activesupport (5.2.1) lib/active_support/tagged_logging.rb:28:in `tagged'
activesupport (5.2.1) lib/active_support/tagged_logging.rb:71:in `tagged'
railties (5.2.1) lib/rails/rack/logger.rb:26:in `call'
sprockets-rails (3.2.1) lib/sprockets/rails/quiet_assets.rb:13:in `call'
actionpack (5.2.1) lib/action_dispatch/middleware/remote_ip.rb:81:in `call'
actionpack (5.2.1) lib/action_dispatch/middleware/request_id.rb:27:in `call'
rack (2.0.5) lib/rack/method_override.rb:22:in `call'
rack (2.0.5) lib/rack/runtime.rb:22:in `call'
activesupport (5.2.1) lib/active_support/cache/strategy/local_cache_middleware.rb:29:in `call'
actionpack (5.2.1) lib/action_dispatch/middleware/executor.rb:14:in `call'
actionpack (5.2.1) lib/action_dispatch/middleware/static.rb:127:in `call'
rack (2.0.5) lib/rack/sendfile.rb:111:in `call'
railties (5.2.1) lib/rails/engine.rb:524:in `call'
puma (3.12.0) lib/puma/configuration.rb:225:in `call'
puma (3.12.0) lib/puma/server.rb:658:in `handle_request'
puma (3.12.0) lib/puma/server.rb:472:in `process_client'
puma (3.12.0) lib/puma/server.rb:332:in `block in run'
puma (3.12.0) lib/puma/thread_pool.rb:133:in `block in spawn_thread'
Started GET "/reservations" for 127.0.0.1 at 2018-10-31 09:31:22 +1100
Processing by ReservationsController#index as HTML
Completed 500 Internal Server Error in 4ms (ActiveRecord: 0.0ms)


  
NameError (uninitialized constant ReservationsController::Reserevation):
  
app/controllers/reservations_controller.rb:25:in `index'
Started GET "/reservations" for 127.0.0.1 at 2018-10-31 09:31:42 +1100
Processing by ReservationsController#index as HTML
  [1m[36mReservation Load (2.2ms)[0m  [1m[34mSELECT "reservations".* FROM "reservations"[0m
  ↳ app/controllers/reservations_controller.rb:26
Completed 200 OK in 46ms (Views: 19.2ms | ActiveRecord: 14.2ms)


Started GET "/flights" for 127.0.0.1 at 2018-10-31 09:31:55 +1100
Processing by FlightsController#index as HTML
  [1m[36mFlight Load (1.0ms)[0m  [1m[34mSELECT "flights".* FROM "flights"[0m
  ↳ app/controllers/flights_controller.rb:16
Completed 200 OK in 30ms (Views: 16.2ms | ActiveRecord: 10.5ms)


Started GET "/airplane/3" for 127.0.0.1 at 2018-10-31 09:33:02 +1100
  
ActionController::RoutingError (No route matches [GET] "/airplane/3"):
  
actionpack (5.2.1) lib/action_dispatch/middleware/debug_exceptions.rb:65:in `call'
web-console (3.7.0) lib/web_console/middleware.rb:135:in `call_app'
web-console (3.7.0) lib/web_console/middleware.rb:30:in `block in call'
web-console (3.7.0) lib/web_console/middleware.rb:20:in `catch'
web-console (3.7.0) lib/web_console/middleware.rb:20:in `call'
actionpack (5.2.1) lib/action_dispatch/middleware/show_exceptions.rb:33:in `call'
railties (5.2.1) lib/rails/rack/logger.rb:38:in `call_app'
railties (5.2.1) lib/rails/rack/logger.rb:26:in `block in call'
activesupport (5.2.1) lib/active_support/tagged_logging.rb:71:in `block in tagged'
activesupport (5.2.1) lib/active_support/tagged_logging.rb:28:in `tagged'
activesupport (5.2.1) lib/active_support/tagged_logging.rb:71:in `tagged'
railties (5.2.1) lib/rails/rack/logger.rb:26:in `call'
sprockets-rails (3.2.1) lib/sprockets/rails/quiet_assets.rb:13:in `call'
actionpack (5.2.1) lib/action_dispatch/middleware/remote_ip.rb:81:in `call'
actionpack (5.2.1) lib/action_dispatch/middleware/request_id.rb:27:in `call'
rack (2.0.5) lib/rack/method_override.rb:22:in `call'
rack (2.0.5) lib/rack/runtime.rb:22:in `call'
activesupport (5.2.1) lib/active_support/cache/strategy/local_cache_middleware.rb:29:in `call'
actionpack (5.2.1) lib/action_dispatch/middleware/executor.rb:14:in `call'
actionpack (5.2.1) lib/action_dispatch/middleware/static.rb:127:in `call'
rack (2.0.5) lib/rack/sendfile.rb:111:in `call'
railties (5.2.1) lib/rails/engine.rb:524:in `call'
puma (3.12.0) lib/puma/configuration.rb:225:in `call'
puma (3.12.0) lib/puma/server.rb:658:in `handle_request'
puma (3.12.0) lib/puma/server.rb:472:in `process_client'
puma (3.12.0) lib/puma/server.rb:332:in `block in run'
puma (3.12.0) lib/puma/thread_pool.rb:133:in `block in spawn_thread'
Started GET "/airplanes" for 127.0.0.1 at 2018-10-31 09:33:24 +1100
Processing by AirplanesController#index as HTML
  [1m[36mAirplane Load (0.6ms)[0m  [1m[34mSELECT "airplanes".* FROM "airplanes"[0m
  ↳ app/controllers/airplanes_controller.rb:16
Completed 200 OK in 25ms (Views: 14.6ms | ActiveRecord: 6.6ms)


Started GET "/flights" for 127.0.0.1 at 2018-10-31 09:33:33 +1100
Processing by FlightsController#index as HTML
  [1m[36mFlight Load (0.9ms)[0m  [1m[34mSELECT "flights".* FROM "flights"[0m
  ↳ app/controllers/flights_controller.rb:16
Completed 200 OK in 7ms (Views: 5.5ms | ActiveRecord: 0.9ms)


